2016-10-31 12:41:20 9728 [Note] Plugin 'FEDERATED' is disabled.
2016-10-31 12:41:20 9728 [Note] InnoDB: The InnoDB memory heap is disabled
2016-10-31 12:41:20 9728 [Note] InnoDB: Mutexes and rw_locks use Windows interlocked functions
2016-10-31 12:41:20 9728 [Note] InnoDB: Compressed tables use zlib 1.2.3
2016-10-31 12:41:20 9728 [Note] InnoDB: Not using CPU crc32 instructions
2016-10-31 12:41:20 9728 [Note] InnoDB: Initializing buffer pool, size = 128.0M
2016-10-31 12:41:20 9728 [Note] InnoDB: Completed initialization of buffer pool
2016-10-31 12:41:20 9728 [Note] InnoDB: Setting log file D:\Windesheim\Blockchain\Github\USBWebserver\mysql\data\ib_logfile101 size to 5 MB
2016-10-31 12:41:20 9728 [Note] InnoDB: Setting log file D:\Windesheim\Blockchain\Github\USBWebserver\mysql\data\ib_logfile1 size to 5 MB
2016-10-31 12:41:21 9728 [Note] InnoDB: Renaming log file D:\Windesheim\Blockchain\Github\USBWebserver\mysql\data\ib_logfile101 to D:\Windesheim\Blockchain\Github\USBWebserver\mysql\data\ib_logfile0
2016-10-31 12:41:21 9728 [Warning] InnoDB: New log files created, LSN=1626134
2016-10-31 12:41:21 9728 [Note] InnoDB: Highest supported file format is Barracuda.
2016-10-31 12:41:21 9728 [Note] InnoDB: 128 rollback segment(s) are active.
2016-10-31 12:41:21 9728 [Note] InnoDB: Waiting for purge to start
2016-10-31 12:41:21 9728 [Note] InnoDB: 5.6.13 started; log sequence number 1626636
2016-10-31 12:41:21 9728 [Warning] No existing UUID has been found, so we assume that this is the first time that this server has been started. Generating a new UUID: f1c7ae11-9f5e-11e6-a216-448a5b437149.
2016-10-31 12:41:21 9728 [Note] Server hostname (bind-address): '*'; port: 3307
2016-10-31 12:41:21 9728 [Note] IPv6 is available.
2016-10-31 12:41:21 9728 [Note]   - '::' resolves to '::';
2016-10-31 12:41:21 9728 [Note] Server socket created on IP: '::'.
2016-11-01 10:52:19 13480 [Note] Plugin 'FEDERATED' is disabled.
2016-11-01 10:52:19 13480 [Note] InnoDB: The InnoDB memory heap is disabled
2016-11-01 10:52:19 13480 [Note] InnoDB: Mutexes and rw_locks use Windows interlocked functions
2016-11-01 10:52:19 13480 [Note] InnoDB: Compressed tables use zlib 1.2.3
2016-11-01 10:52:19 13480 [Note] InnoDB: Not using CPU crc32 instructions
2016-11-01 10:52:19 13480 [Note] InnoDB: Initializing buffer pool, size = 128.0M
2016-11-01 10:52:19 13480 [Note] InnoDB: Completed initialization of buffer pool
2016-11-01 10:52:19 13480 [Note] InnoDB: Highest supported file format is Barracuda.
2016-11-01 10:52:19 13480 [Note] InnoDB: The log sequence numbers 1626134 and 1626134 in ibdata files do not match the log sequence number 1626646 in the ib_logfiles!
2016-11-01 10:52:19 13480 [Note] InnoDB: Database was not shutdown normally!
2016-11-01 10:52:19 13480 [Note] InnoDB: Starting crash recovery.
2016-11-01 10:52:19 13480 [Note] InnoDB: Reading tablespace information from the .ibd files...
2016-11-01 10:52:19 13480 [Note] InnoDB: Restoring possible half-written data pages 
2016-11-01 10:52:19 13480 [Note] InnoDB: from the doublewrite buffer...
2016-11-01 10:52:20 13480 [Note] InnoDB: 128 rollback segment(s) are active.
2016-11-01 10:52:20 13480 [Note] InnoDB: Waiting for purge to start
2016-11-01 10:52:20 13480 [Note] InnoDB: 5.6.13 started; log sequence number 1626646
2016-11-01 10:52:20 13480 [Note] Server hostname (bind-address): '*'; port: 3307
2016-11-01 10:52:20 13480 [Note] IPv6 is available.
2016-11-01 10:52:20 13480 [Note]   - '::' resolves to '::';
2016-11-01 10:52:20 13480 [Note] Server socket created on IP: '::'.
